Started at Fri Apr 10 12:28:20 IST 2020
Processing Automated_Deployment_Test
Offering Automated_Deployment_Test to Project Build Discarder
Processing chain_exec_project1
Offering chain_exec_project1 to Project Build Discarder
Processing chain_exec_project2
Offering chain_exec_project2 to Project Build Discarder
Processing DevProject1
Offering DevProject1 to Project Build Discarder
Processing Job_creation
Offering Job_creation to Project Build Discarder
Processing Parameterized_Job
Offering Parameterized_Job to Project Build Discarder
Processing Robot_Test1
Offering Robot_Test1 to Project Build Discarder
Processing Sample_Build_Job
Offering Sample_Build_Job to Project Build Discarder
Processing Sample_Deploy_Job
Offering Sample_Deploy_Job to Project Build Discarder
Processing Sample_Test_Job
Offering Sample_Test_Job to Project Build Discarder
Processing standalone
Offering standalone to Project Build Discarder
Processing TestProject1
Offering TestProject1 to Project Build Discarder
Processing tomcat_jenkins
Offering tomcat_jenkins to Project Build Discarder
Processing Trigger_On_Email
Offering Trigger_On_Email to Project Build Discarder
Finished at Fri Apr 10 12:28:20 IST 2020. 333ms
Started at Fri Apr 10 13:28:20 IST 2020
Processing Automated_Deployment_Test
Offering Automated_Deployment_Test to Project Build Discarder
Processing chain_exec_project1
Offering chain_exec_project1 to Project Build Discarder
Processing chain_exec_project2
Offering chain_exec_project2 to Project Build Discarder
Processing DevProject1
Offering DevProject1 to Project Build Discarder
Processing Extended_Parameterized_job
Offering Extended_Parameterized_job to Project Build Discarder
Processing Job_creation
Offering Job_creation to Project Build Discarder
Processing Parameterized_Job
Offering Parameterized_Job to Project Build Discarder
Processing Robot_Test1
Offering Robot_Test1 to Project Build Discarder
Processing Sample_Build_Job
Offering Sample_Build_Job to Project Build Discarder
Processing Sample_Deploy_Job
Offering Sample_Deploy_Job to Project Build Discarder
Processing Sample_Test_Job
Offering Sample_Test_Job to Project Build Discarder
Processing standalone
Offering standalone to Project Build Discarder
Processing TestProject1
Offering TestProject1 to Project Build Discarder
Processing tomcat_jenkins
Offering tomcat_jenkins to Project Build Discarder
Processing Trigger_On_Email
Offering Trigger_On_Email to Project Build Discarder
Finished at Fri Apr 10 13:28:20 IST 2020. 6ms
